<?xml version="1.0" encoding="UTF-8"?>
<!-- Generated by org.testng.reporters.JUnitReportReporter -->
<testsuite hostname="DESKTOP-H0UJ53H" failures="0" tests="1" name="Tests.HomePage" time="8.359" errors="0" timestamp="2025-08-03T22:39:21 IST" skipped="0">
  <testcase classname="Tests.HomePage" name="verifyAccount" time="8.359"/>
</testsuite> <!-- Tests.HomePage -->
