<?xml version="1.0" encoding="UTF-8"?>
<!-- Generated by org.testng.reporters.JUnitReportReporter -->
<testsuite hostname="DESKTOP-H0UJ53H" failures="0" tests="1" name="Tests.LoginPage" time="10.024" errors="0" timestamp="2025-08-04T12:30:05 IST" skipped="0">
  <testcase classname="Tests.LoginPage" name="Credentials" time="10.024"/>
</testsuite> <!-- Tests.LoginPage -->
